<?xml version="1.0" encoding="UTF-8"?>
<testsuite xmlns:xsi="http://www.w3.org/2001/XMLSchema-instance" xsi:noNamespaceSchemaLocation="https://maven.apache.org/surefire/maven-surefire-plugin/xsd/surefire-test-report.xsd" version="3.0.2" name="cpsc450.FinalProjectTest" time="0.064" tests="11" errors="0" skipped="0" failures="0">
  <properties>
[...]
</properties>
  <testcase name="naiveApproachInvalidInputTest" classname="cpsc450.FinalProjectTest" time="0.026"/>
  <testcase name="matrixAdditionTwoByTwoPlusTwoByTwoTest" classname="cpsc450.FinalProjectTest" time="0.001"/>
  <testcase name="matrixSubtractionTwoByTwoPlusTwoByTwoTest" classname="cpsc450.FinalProjectTest" time="0.001"/>
  <testcase name="strassensApproachTwoByTwoXTwoByTwoTest" classname="cpsc450.FinalProjectTest" time="0.002"/>
  <testcase name="strassensApproachSquareNotSameN" classname="cpsc450.FinalProjectTest" time="0.001"/>
  <testcase name="naiveApproachTwoByOneXOneByTwoTest" classname="cpsc450.FinalProjectTest" time="0.0"/>
  <testcase name="matrixSubtractionInvalidInputTest" classname="cpsc450.FinalProjectTest" time="0.001"/>
  <testcase name="strassensApproachNotDivisibleBy2Test" classname="cpsc450.FinalProjectTest" time="0.001"/>
  <testcase name="matrixAdditionInvalidInputTest" classname="cpsc450.FinalProjectTest" time="0.001"/>
  <testcase name="naiveApproachTwoByTwoXTwoByTwoTest" classname="cpsc450.FinalProjectTest" time="0.001"/>
  <testcase name="strassensApproachNotSquareTest" classname="cpsc450.FinalProjectTest" time="0.001"/>
</testsuite>